{
    "meta": {
        "format": 3,
        "version": "7.15.4",
        "timestamp": "2026-08-09T20:19:02.509195",
        "branch_coverage": false,
        "show_contexts": false
    },
    "files": {
        "app/__init__.py": {
            "executed_lines": [],
            "summary": {
                "covered_lines": 0,
                "num_statements": 0,
                "percent_covered": 100.0,
                "percent_covered_display": "100",
                "missing_lines": 0,
                "excluded_lines": 0,
                "percent_statements_covered": 100.0,
                "percent_statements_covered_display": "100"
            },
            "missing_lines": [],
            "excluded_lines": [],
            "functions": {
                "": {
                    "executed_lines": [],
                    "summary": {
                        "covered_lines": 0,
                        "num_statements": 0,
                        "percent_covered": 100.0,
                        "percent_covered_display": "100",
                        "missing_lines": 0,
                        "excluded_lines": 0,
                        "percent_statements_covered": 100.0,
                        "percent_statements_covered_display": "100"
                    },
                    "missing_lines": [],
                    "excluded_lines": [],
                    "start_line": 1
                }
            },
            "classes": {
                "": {
                    "executed_lines": [],
                    "summary": {
                        "covered_lines": 0,
                        "num_statements": 0,
                        "percent_covered": 100.0,
                        "percent_covered_display": "100",
                        "missing_lines": 0,
                        "excluded_lines": 0,
                        "percent_statements_covered": 100.0,
                        "percent_statements_covered_display": "100"
                    },
                    "missing_lines": [],
                    "excluded_lines": [],
                    "start_line": 1
                }
            }
        },
        "app/__main__.py": {
            "executed_lines": [
                12,
                14,
                16,
                18,
                21,
                22,
                26,
                27,
                29,
                31,
                32,
                35,
                36,
                37,
                38,
                60,
                62,
                69,
                70,
                71,
                73,
                74,
                75,
                76,
                82,
                83,
                84,
                85,
                86,
                87,
                88,
                89,
                90,
                91,
                92,
                93,
                94,
                95,
                98,
                99,
                126,
                127,
                129,
                130
            ],
            "summary": {
                "covered_lines": 44,
                "num_statements": 44,
                "percent_covered": 100.0,
                "percent_covered_display": "100",
                "missing_lines": 0,
                "excluded_lines": 2,
                "percent_statements_covered": 100.0,
                "percent_statements_covered_display": "100"
            },
            "missing_lines": [],
            "excluded_lines": [
                133,
                134
            ],
            "functions": {
                "cli": {
                    "executed_lines": [],
                    "summary": {
                        "covered_lines": 0,
                        "num_statements": 0,
                        "percent_covered": 100.0,
                        "percent_covered_display": "100",
                        "missing_lines": 0,
                        "excluded_lines": 0,
                        "percent_statements_covered": 100.0,
                        "percent_statements_covered_display": "100"
                    },
                    "missing_lines": [],
                    "excluded_lines": [],
                    "start_line": 22
                },
                "sync": {
                    "executed_lines": [
                        29,
                        31,
                        32
                    ],
                    "summary": {
                        "covered_lines": 3,
                        "num_statements": 3,
                        "percent_covered": 100.0,
                        "percent_covered_display": "100",
                        "missing_lines": 0,
                        "excluded_lines": 0,
                        "percent_statements_covered": 100.0,
                        "percent_statements_covered_display": "100"
                    },
                    "missing_lines": [],
                    "excluded_lines": [],
                    "start_line": 27
                },
                "backup": {
                    "executed_lines": [
                        60,
                        62,
                        69,
                        70,
                        71,
                        73,
                        74,
                        75,
                        76,
                        82,
                        83,
                        84,
                        85,
                        86,
                        87,
                        88,
                        89,
                        90,
                        91,
                        92,
                        93,
                        94,
                        95
                    ],
                    "summary": {
                        "covered_lines": 23,
                        "num_statements": 23,
                        "percent_covered": 100.0,
                        "percent_covered_display": "100",
                        "missing_lines": 0,
                        "excluded_lines": 0,
                        "percent_statements_covered": 100.0,
                        "percent_statements_covered_display": "100"
                    },
                    "missing_lines": [],
                    "excluded_lines": [],
                    "start_line": 38
                },
                "bot": {
                    "executed_lines": [
                        126,
                        127,
                        129,
                        130
                    ],
                    "summary": {
                        "covered_lines": 4,
                        "num_statements": 4,
                        "percent_covered": 100.0,
                        "percent_covered_display": "100",
                        "missing_lines": 0,
                        "excluded_lines": 0,
                        "percent_statements_covered": 100.0,
                        "percent_statements_covered_display": "100"
                    },
                    "missing_lines": [],
                    "excluded_lines": [],
                    "start_line": 99
                },
                "": {
                    "executed_lines": [
                        12,
                        14,
                        16,
                        18,
                        21,
                        22,
                        26,
                        27,
                        35,
                        36,
                        37,
                        38,
                        98,
                        99
                    ],
                    "summary": {
                        "covered_lines": 14,
                        "num_statements": 14,
                        "percent_covered": 100.0,
                        "percent_covered_display": "100",
                        "missing_lines": 0,
                        "excluded_lines": 2,
                        "percent_statements_covered": 100.0,
                        "percent_statements_covered_display": "100"
                    },
                    "missing_lines": [],
                    "excluded_lines": [
                        133,
                        134
                    ],
                    "start_line": 1
                }
            },
            "classes": {
                "": {
                    "executed_lines": [
                        12,
                        14,
                        16,
                        18,
                        21,
                        22,
                        26,
                        27,
                        29,
                        31,
                        32,
                        35,
                        36,
                        37,
                        38,
                        60,
                        62,
                        69,
                        70,
                        71,
                        73,
                        74,
                        75,
                        76,
                        82,
                        83,
                        84,
                        85,
                        86,
                        87,
                        88,
                        89,
                        90,
                        91,
                        92,
                        93,
                        94,
                        95,
                        98,
                        99,
                        126,
                        127,
                        129,
                        130
                    ],
                    "summary": {
                        "covered_lines": 44,
                        "num_statements": 44,
                        "percent_covered": 100.0,
                        "percent_covered_display": "100",
                        "missing_lines": 0,
                        "excluded_lines": 2,
                        "percent_statements_covered": 100.0,
                        "percent_statements_covered_display": "100"
                    },
                    "missing_lines": [],
                    "excluded_lines": [
                        133,
                        134
                    ],
                    "start_line": 1
                }
            }
        },
        "app/backup.py": {
            "executed_lines": [
                1,
                3,
                15,
                16,
                17,
                18,
                19,
                21,
                22,
                24,
                31,
                33,
                34,
                40,
                41,
                44,
                46,
                47,
                48,
                55,
                56,
                59,
                60,
                63,
                64,
                65,
                66,
                69,
                71,
                84,
                91,
                92,
                93,
                94,
                95,
                96,
                98,
                115,
                123,
                124,
                125,
                126,
                128,
                129,
                137,
                140,
                147,
                148,
                149,
                150,
                153,
                154,
                155,
                156,
                157,
                158,
                159,
                161,
                162,
                163,
                171,
                178,
                195,
                198,
                199,
                201,
                202,
                204,
                205,
                208,
                209,
                210,
                211,
                212,
                214,
                215,
                222,
                224,
                225,
                226,
                227,
                230,
                232,
                233,
                234
            ],
            "summary": {
                "covered_lines": 85,
                "num_statements": 86,
                "percent_covered": 98.83720930232558,
                "percent_covered_display": "99",
                "missing_lines": 1,
                "excluded_lines": 0,
                "percent_statements_covered": 98.83720930232558,
                "percent_statements_covered_display": "99"
            },
            "missing_lines": [
                196
            ],
            "excluded_lines": [],
            "functions": {
                "_month_range": {
                    "executed_lines": [
                        33,
                        34
                    ],
                    "summary": {
                        "covered_lines": 2,
                        "num_statements": 2,
                        "percent_covered": 100.0,
                        "percent_covered_display": "100",
                        "missing_lines": 0,
                        "excluded_lines": 0,
                        "percent_statements_covered": 100.0,
                        "percent_statements_covered_display": "100"
                    },
                    "missing_lines": [],
                    "excluded_lines": [],
                    "start_line": 31
                },
                "_year_range": {
                    "executed_lines": [
                        41
                    ],
                    "summary": {
                        "covered_lines": 1,
                        "num_statements": 1,
                        "percent_covered": 100.0,
                        "percent_covered_display": "100",
                        "missing_lines": 0,
                        "excluded_lines": 0,
                        "percent_statements_covered": 100.0,
                        "percent_statements_covered_display": "100"
                    },
                    "missing_lines": [],
                    "excluded_lines": [],
                    "start_line": 40
                },
                "_previous_month": {
                    "executed_lines": [
                        46,
                        47,
                        48
                    ],
                    "summary": {
                        "covered_lines": 3,
                        "num_statements": 3,
                        "percent_covered": 100.0,
                        "percent_covered_display": "100",
                        "missing_lines": 0,
                        "excluded_lines": 0,
                        "percent_statements_covered": 100.0,
                        "percent_statements_covered_display": "100"
                    },
                    "missing_lines": [],
                    "excluded_lines": [],
                    "start_line": 44
                },
                "_monthly_path": {
                    "executed_lines": [
                        56
                    ],
                    "summary": {
                        "covered_lines": 1,
                        "num_statements": 1,
                        "percent_covered": 100.0,
                        "percent_covered_display": "100",
                        "missing_lines": 0,
                        "excluded_lines": 0,
                        "percent_statements_covered": 100.0,
                        "percent_statements_covered_display": "100"
                    },
                    "missing_lines": [],
                    "excluded_lines": [],
                    "start_line": 55
                },
                "_yearly_path": {
                    "executed_lines": [
                        60
                    ],
                    "summary": {
                        "covered_lines": 1,
                        "num_statements": 1,
                        "percent_covered": 100.0,
                        "percent_covered_display": "100",
                        "missing_lines": 0,
                        "excluded_lines": 0,
                        "percent_statements_covered": 100.0,
                        "percent_statements_covered_display": "100"
                    },
                    "missing_lines": [],
                    "excluded_lines": [],
                    "start_line": 59
                },
                "_write_json": {
                    "executed_lines": [
                        64,
                        65,
                        66
                    ],
                    "summary": {
                        "covered_lines": 3,
                        "num_statements": 3,
                        "percent_covered": 100.0,
                        "percent_covered_display": "100",
                        "missing_lines": 0,
                        "excluded_lines": 0,
                        "percent_statements_covered": 100.0,
                        "percent_statements_covered_display": "100"
                    },
                    "missing_lines": [],
                    "excluded_lines": [],
                    "start_line": 63
                },
                "_payload_counts": {
                    "executed_lines": [
                        71
                    ],
                    "summary": {
                        "covered_lines": 1,
                        "num_statements": 1,
                        "percent_covered": 100.0,
                        "percent_covered_display": "100",
                        "missing_lines": 0,
                        "excluded_lines": 0,
                        "percent_statements_covered": 100.0,
                        "percent_statements_covered_display": "100"
                    },
                    "missing_lines": [],
                    "excluded_lines": [],
                    "start_line": 69
                },
                "_fetch_snapshot": {
                    "executed_lines": [
                        91,
                        92,
                        93,
                        94,
                        95,
                        96,
                        98
                    ],
                    "summary": {
                        "covered_lines": 7,
                        "num_statements": 7,
                        "percent_covered": 100.0,
                        "percent_covered_display": "100",
                        "missing_lines": 0,
                        "excluded_lines": 0,
                        "percent_statements_covered": 100.0,
                        "percent_statements_covered_display": "100"
                    },
                    "missing_lines": [],
                    "excluded_lines": [],
                    "start_line": 84
                },
                "run_monthly": {
                    "executed_lines": [
                        123,
                        124,
                        125,
                        126,
                        128,
                        129,
                        137
                    ],
                    "summary": {
                        "covered_lines": 7,
                        "num_statements": 7,
                        "percent_covered": 100.0,
                        "percent_covered_display": "100",
                        "missing_lines": 0,
                        "excluded_lines": 0,
                        "percent_statements_covered": 100.0,
                        "percent_statements_covered_display": "100"
                    },
                    "missing_lines": [],
                    "excluded_lines": [],
                    "start_line": 115
                },
                "run_yearly": {
                    "executed_lines": [
                        147,
                        148,
                        149,
                        150,
                        153,
                        154,
                        155,
                        156,
                        157,
                        158,
                        159,
                        161,
                        162,
                        163,
                        171
                    ],
                    "summary": {
                        "covered_lines": 15,
                        "num_statements": 15,
                        "percent_covered": 100.0,
                        "percent_covered_display": "100",
                        "missing_lines": 0,
                        "excluded_lines": 0,
                        "percent_statements_covered": 100.0,
                        "percent_statements_covered_display": "100"
                    },
                    "missing_lines": [],
                    "excluded_lines": [],
                    "start_line": 140
                },
                "run_auto": {
                    "executed_lines": [
                        195,
                        198,
                        199,
                        201,
                        202,
                        204,
                        205,
                        208,
                        209,
                        210,
                        211,
                        212,
                        214,
                        215
                    ],
                    "summary": {
                        "covered_lines": 14,
                        "num_statements": 15,
                        "percent_covered": 93.33333333333333,
                        "percent_covered_display": "93",
                        "missing_lines": 1,
                        "excluded_lines": 0,
                        "percent_statements_covered": 93.33333333333333,
                        "percent_statements_covered_display": "93"
                    },
                    "missing_lines": [
                        196
                    ],
                    "excluded_lines": [],
                    "start_line": 178
                },
                "_parse_monthly_param": {
                    "executed_lines": [
                        224,
                        225,
                        226,
                        227
                    ],
                    "summary": {
                        "covered_lines": 4,
                        "num_statements": 4,
                        "percent_covered": 100.0,
                        "percent_covered_display": "100",
                        "missing_lines": 0,
                        "excluded_lines": 0,
                        "percent_statements_covered": 100.0,
                        "percent_statements_covered_display": "100"
                    },
                    "missing_lines": [],
                    "excluded_lines": [],
                    "start_line": 222
                },
                "_parse_yearly_param": {
                    "executed_lines": [
                        232,
                        233,
                        234
                    ],
                    "summary": {
                        "covered_lines": 3,
                        "num_statements": 3,
                        "percent_covered": 100.0,
                        "percent_covered_display": "100",
                        "missing_lines": 0,
                        "excluded_lines": 0,
                        "percent_statements_covered": 100.0,
                        "percent_statements_covered_display": "100"
                    },
                    "missing_lines": [],
                    "excluded_lines": [],
                    "start_line": 230
                },
                "": {
                    "executed_lines": [
                        1,
                        3,
                        15,
                        16,
                        17,
                        18,
                        19,
                        21,
                        22,
                        24,
                        31,
                        40,
                        44,
                        55,
                        59,
                        63,
                        69,
                        84,
                        115,
                        140,
                        178,
                        222,
                        230
                    ],
                    "summary": {
                        "covered_lines": 23,
                        "num_statements": 23,
                        "percent_covered": 100.0,
                        "percent_covered_display": "100",
                        "missing_lines": 0,
                        "excluded_lines": 0,
                        "percent_statements_covered": 100.0,
                        "percent_statements_covered_display": "100"
                    },
                    "missing_lines": [],
                    "excluded_lines": [],
                    "start_line": 1
                }
            },
            "classes": {
                "": {
                    "executed_lines": [
                        1,
                        3,
                        15,
                        16,
                        17,
                        18,
                        19,
                        21,
                        22,
                        24,
                        31,
                        33,
                        34,
                        40,
                        41,
                        44,
                        46,
                        47,
                        48,
                        55,
                        56,
                        59,
                        60,
                        63,
                        64,
                        65,
                        66,
                        69,
                        71,
                        84,
                        91,
                        92,
                        93,
                        94,
                        95,
                        96,
                        98,
                        115,
                        123,
                        124,
                        125,
                        126,
                        128,
                        129,
                        137,
                        140,
                        147,
                        148,
                        149,
                        150,
                        153,
                        154,
                        155,
                        156,
                        157,
                        158,
                        159,
                        161,
                        162,
                        163,
                        171,
                        178,
                        195,
                        198,
                        199,
                        201,
                        202,
                        204,
                        205,
                        208,
                        209,
                        210,
                        211,
                        212,
                        214,
                        215,
                        222,
                        224,
                        225,
                        226,
                        227,
                        230,
                        232,
                        233,
                        234
                    ],
                    "summary": {
                        "covered_lines": 85,
                        "num_statements": 86,
                        "percent_covered": 98.83720930232558,
                        "percent_covered_display": "99",
                        "missing_lines": 1,
                        "excluded_lines": 0,
                        "percent_statements_covered": 98.83720930232558,
                        "percent_statements_covered_display": "99"
                    },
                    "missing_lines": [
                        196
                    ],
                    "excluded_lines": [],
                    "start_line": 1
                }
            }
        },
        "app/bot.py": {
            "executed_lines": [
                37,
                39,
                40,
                41,
                42,
                43,
                44,
                45,
                47,
                48,
                50,
                51,
                52,
                54,
                56,
                58,
                59,
                60,
                63,
                67,
                74,
                75,
                76,
                77,
                80,
                81,
                82,
                83,
                84,
                85,
                87,
                88,
                89,
                91,
                92,
                93,
                94,
                99,
                101,
                118,
                121,
                122,
                123,
                124,
                130,
                148,
                149,
                154,
                155,
                159,
                160,
                166,
                167,
                168,
                169,
                175,
                198,
                199,
                200,
                201,
                202,
                204,
                205,
                206,
                207,
                208,
                210,
                211,
                212,
                214,
                215,
                216,
                218,
                225,
                226,
                227,
                228,
                229,
                231,
                233,
                234,
                237,
                239,
                240,
                242,
                245,
                246,
                248,
                250,
                251,
                252,
                254,
                256,
                257,
                258,
                259,
                261,
                262,
                263,
                264,
                267,
                268,
                269,
                270,
                271,
                273,
                274,
                276,
                282,
                283,
                287,
                288,
                292,
                296,
                298,
                299,
                300,
                301,
                303,
                304,
                305,
                309,
                310,
                312,
                314,
                316,
                317,
                318,
                320,
                321,
                322,
                323,
                324,
                325,
                327,
                329,
                330,
                331,
                332,
                339,
                340,
                341,
                342,
                343,
                344,
                346,
                348,
                349,
                350,
                351,
                358,
                360,
                361,
                362,
                366,
                372,
                373,
                374,
                385,
                387,
                391,
                393,
                395,
                396,
                397,
                398,
                399,
                400,
                403,
                404,
                408,
                414,
                415,
                421,
                422,
                423,
                424,
                430,
                431,
                432,
                434,
                436,
                437,
                443,
                444,
                451,
                461,
                462,
                463,
                464,
                465,
                466,
                467,
                468,
                469,
                471,
                472,
                478,
                479,
                480,
                481,
                482,
                483,
                490
            ],
            "summary": {
                "covered_lines": 204,
                "num_statements": 229,
                "percent_covered": 89.08296943231441,
                "percent_covered_display": "89",
                "missing_lines": 25,
                "excluded_lines": 0,
                "percent_statements_covered": 89.08296943231441,
                "percent_statements_covered_display": "89"
            },
            "missing_lines": [
                131,
                132,
                133,
                134,
                135,
                136,
                137,
                138,
                139,
                140,
                141,
                142,
                176,
                186,
                187,
                188,
                189,
                190,
                191,
                192,
                401,
                402,
                492,
                493,
                494
            ],
            "excluded_lines": [],
            "functions": {
                "BotConfig.from_env": {
                    "executed_lines": [
                        89,
                        91,
                        92,
                        93,
                        94,
                        99,
                        101
                    ],
                    "summary": {
                        "covered_lines": 7,
                        "num_statements": 7,
                        "percent_covered": 100.0,
                        "percent_covered_display": "100",
                        "missing_lines": 0,
                        "excluded_lines": 0,
                        "percent_statements_covered": 100.0,
                        "percent_statements_covered_display": "100"
                    },
                    "missing_lines": [],
                    "excluded_lines": [],
                    "start_line": 88
                },
                "TelegramBot.__init__": {
                    "executed_lines": [
                        122,
                        123,
                        124
                    ],
                    "summary": {
                        "covered_lines": 3,
                        "num_statements": 3,
                        "percent_covered": 100.0,
                        "percent_covered_display": "100",
                        "missing_lines": 0,
                        "excluded_lines": 0,
                        "percent_statements_covered": 100.0,
                        "percent_statements_covered_display": "100"
                    },
                    "missing_lines": [],
                    "excluded_lines": [],
                    "start_line": 121
                },
                "TelegramBot.run": {
                    "executed_lines": [],
                    "summary": {
                        "covered_lines": 0,
                        "num_statements": 12,
                        "percent_covered": 0.0,
                        "percent_covered_display": "0",
                        "missing_lines": 12,
                        "excluded_lines": 0,
                        "percent_statements_covered": 0.0,
                        "percent_statements_covered_display": "0"
                    },
                    "missing_lines": [
                        131,
                        132,
                        133,
                        134,
                        135,
                        136,
                        137,
                        138,
                        139,
                        140,
                        141,
                        142
                    ],
                    "excluded_lines": [],
                    "start_line": 130
                },
                "TelegramBot._register_commands": {
                    "executed_lines": [
                        149,
                        154,
                        155,
                        159,
                        160,
                        166,
                        167,
                        168,
                        169
                    ],
                    "summary": {
                        "covered_lines": 9,
                        "num_statements": 9,
                        "percent_covered": 100.0,
                        "percent_covered_display": "100",
                        "missing_lines": 0,
                        "excluded_lines": 0,
                        "percent_statements_covered": 100.0,
                        "percent_statements_covered_display": "100"
                    },
                    "missing_lines": [],
                    "excluded_lines": [],
                    "start_line": 148
                },
                "TelegramBot._poll_once": {
                    "executed_lines": [],
                    "summary": {
                        "covered_lines": 0,
                        "num_statements": 8,
                        "percent_covered": 0.0,
                        "percent_covered_display": "0",
                        "missing_lines": 8,
                        "excluded_lines": 0,
                        "percent_statements_covered": 0.0,
                        "percent_statements_covered_display": "0"
                    },
                    "missing_lines": [
                        176,
                        186,
                        187,
                        188,
                        189,
                        190,
                        191,
                        192
                    ],
                    "excluded_lines": [],
                    "start_line": 175
                },
                "TelegramBot._handle_update": {
                    "executed_lines": [
                        199,
                        200,
                        201,
                        202
                    ],
                    "summary": {
                        "covered_lines": 4,
                        "num_statements": 4,
                        "percent_covered": 100.0,
                        "percent_covered_display": "100",
                        "missing_lines": 0,
                        "excluded_lines": 0,
                        "percent_statements_covered": 100.0,
                        "percent_statements_covered_display": "100"
                    },
                    "missing_lines": [],
                    "excluded_lines": [],
                    "start_line": 198
                },
                "TelegramBot._handle_message": {
                    "executed_lines": [
                        205,
                        206,
                        207,
                        208,
                        210,
                        211,
                        212,
                        214,
                        215,
                        216,
                        218,
                        225,
                        226,
                        227,
                        228,
                        229
                    ],
                    "summary": {
                        "covered_lines": 16,
                        "num_statements": 16,
                        "percent_covered": 100.0,
                        "percent_covered_display": "100",
                        "missing_lines": 0,
                        "excluded_lines": 0,
                        "percent_statements_covered": 100.0,
                        "percent_statements_covered_display": "100"
                    },
                    "missing_lines": [],
                    "excluded_lines": [],
                    "start_line": 204
                },
                "TelegramBot._handle_callback_query": {
                    "executed_lines": [
                        233,
                        234,
                        237,
                        239,
                        240,
                        242,
                        245,
                        246,
                        248,
                        250,
                        251,
                        252,
                        254,
                        256,
                        257,
                        258,
                        259,
                        261,
                        262,
                        263,
                        264,
                        267,
                        268,
                        269,
                        270,
                        271,
                        273,
                        274,
                        276
                    ],
                    "summary": {
                        "covered_lines": 29,
                        "num_statements": 29,
                        "percent_covered": 100.0,
                        "percent_covered_display": "100",
                        "missing_lines": 0,
                        "excluded_lines": 0,
                        "percent_statements_covered": 100.0,
                        "percent_statements_covered_display": "100"
                    },
                    "missing_lines": [],
                    "excluded_lines": [],
                    "start_line": 231
                },
                "TelegramBot._cmd_help": {
                    "executed_lines": [
                        283,
                        287,
                        288,
                        292,
                        296
                    ],
                    "summary": {
                        "covered_lines": 5,
                        "num_statements": 5,
                        "percent_covered": 100.0,
                        "percent_covered_display": "100",
                        "missing_lines": 0,
                        "excluded_lines": 0,
                        "percent_statements_covered": 100.0,
                        "percent_statements_covered_display": "100"
                    },
                    "missing_lines": [],
                    "excluded_lines": [],
                    "start_line": 282
                },
                "TelegramBot._cmd_status": {
                    "executed_lines": [
                        299,
                        300,
                        301,
                        303,
                        304,
                        305,
                        309,
                        310,
                        312,
                        314
                    ],
                    "summary": {
                        "covered_lines": 10,
                        "num_statements": 10,
                        "percent_covered": 100.0,
                        "percent_covered_display": "100",
                        "missing_lines": 0,
                        "excluded_lines": 0,
                        "percent_statements_covered": 100.0,
                        "percent_statements_covered_display": "100"
                    },
                    "missing_lines": [],
                    "excluded_lines": [],
                    "start_line": 298
                },
                "TelegramBot._cmd_sync": {
                    "executed_lines": [
                        317,
                        318
                    ],
                    "summary": {
                        "covered_lines": 2,
                        "num_statements": 2,
                        "percent_covered": 100.0,
                        "percent_covered_display": "100",
                        "missing_lines": 0,
                        "excluded_lines": 0,
                        "percent_statements_covered": 100.0,
                        "percent_statements_covered_display": "100"
                    },
                    "missing_lines": [],
                    "excluded_lines": [],
                    "start_line": 316
                },
                "TelegramBot._cmd_backup_monthly": {
                    "executed_lines": [
                        321,
                        322,
                        323,
                        324,
                        325,
                        327
                    ],
                    "summary": {
                        "covered_lines": 6,
                        "num_statements": 6,
                        "percent_covered": 100.0,
                        "percent_covered_display": "100",
                        "missing_lines": 0,
                        "excluded_lines": 0,
                        "percent_statements_covered": 100.0,
                        "percent_statements_covered_display": "100"
                    },
                    "missing_lines": [],
                    "excluded_lines": [],
                    "start_line": 320
                },
                "TelegramBot._launch_backup_monthly": {
                    "executed_lines": [
                        330,
                        331,
                        332
                    ],
                    "summary": {
                        "covered_lines": 3,
                        "num_statements": 3,
                        "percent_covered": 100.0,
                        "percent_covered_display": "100",
                        "missing_lines": 0,
                        "excluded_lines": 0,
                        "percent_statements_covered": 100.0,
                        "percent_statements_covered_display": "100"
                    },
                    "missing_lines": [],
                    "excluded_lines": [],
                    "start_line": 329
                },
                "TelegramBot._cmd_backup_yearly": {
                    "executed_lines": [
                        340,
                        341,
                        342,
                        343,
                        344,
                        346
                    ],
                    "summary": {
                        "covered_lines": 6,
                        "num_statements": 6,
                        "percent_covered": 100.0,
                        "percent_covered_display": "100",
                        "missing_lines": 0,
                        "excluded_lines": 0,
                        "percent_statements_covered": 100.0,
                        "percent_statements_covered_display": "100"
                    },
                    "missing_lines": [],
                    "excluded_lines": [],
                    "start_line": 339
                },
                "TelegramBot._launch_backup_yearly": {
                    "executed_lines": [
                        349,
                        350,
                        351
                    ],
                    "summary": {
                        "covered_lines": 3,
                        "num_statements": 3,
                        "percent_covered": 100.0,
                        "percent_covered_display": "100",
                        "missing_lines": 0,
                        "excluded_lines": 0,
                        "percent_statements_covered": 100.0,
                        "percent_statements_covered_display": "100"
                    },
                    "missing_lines": [],
                    "excluded_lines": [],
                    "start_line": 348
                },
                "TelegramBot._year_buttons": {
                    "executed_lines": [
                        360,
                        361,
                        362,
                        366
                    ],
                    "summary": {
                        "covered_lines": 4,
                        "num_statements": 4,
                        "percent_covered": 100.0,
                        "percent_covered_display": "100",
                        "missing_lines": 0,
                        "excluded_lines": 0,
                        "percent_statements_covered": 100.0,
                        "percent_statements_covered_display": "100"
                    },
                    "missing_lines": [],
                    "excluded_lines": [],
                    "start_line": 358
                },
                "TelegramBot._launch_sync": {
                    "executed_lines": [
                        373,
                        374
                    ],
                    "summary": {
                        "covered_lines": 2,
                        "num_statements": 2,
                        "percent_covered": 100.0,
                        "percent_covered_display": "100",
                        "missing_lines": 0,
                        "excluded_lines": 0,
                        "percent_statements_covered": 100.0,
                        "percent_statements_covered_display": "100"
                    },
                    "missing_lines": [],
                    "excluded_lines": [],
                    "start_line": 372
                },
                "TelegramBot._instance_buttons": {
                    "executed_lines": [
                        387,
                        391
                    ],
                    "summary": {
                        "covered_lines": 2,
                        "num_statements": 2,
                        "percent_covered": 100.0,
                        "percent_covered_display": "100",
                        "missing_lines": 0,
                        "excluded_lines": 0,
                        "percent_statements_covered": 100.0,
                        "percent_statements_covered_display": "100"
                    },
                    "missing_lines": [],
                    "excluded_lines": [],
                    "start_line": 385
                },
                "TelegramBot._month_buttons": {
                    "executed_lines": [
                        395,
                        396,
                        397,
                        398,
                        399,
                        400,
                        403,
                        404,
                        408
                    ],
                    "summary": {
                        "covered_lines": 9,
                        "num_statements": 11,
                        "percent_covered": 81.81818181818181,
                        "percent_covered_display": "82",
                        "missing_lines": 2,
                        "excluded_lines": 0,
                        "percent_statements_covered": 81.81818181818181,
                        "percent_statements_covered_display": "82"
                    },
                    "missing_lines": [
                        401,
                        402
                    ],
                    "excluded_lines": [],
                    "start_line": 393
                },
                "TelegramBot._send_message": {
                    "executed_lines": [
                        415,
                        421,
                        422,
                        423,
                        424,
                        430,
                        431,
                        432
                    ],
                    "summary": {
                        "covered_lines": 8,
                        "num_statements": 8,
                        "percent_covered": 100.0,
                        "percent_covered_display": "100",
                        "missing_lines": 0,
                        "excluded_lines": 0,
                        "percent_statements_covered": 100.0,
                        "percent_statements_covered_display": "100"
                    },
                    "missing_lines": [],
                    "excluded_lines": [],
                    "start_line": 414
                },
                "TelegramBot._answer_callback_query": {
                    "executed_lines": [
                        436,
                        437,
                        443,
                        444
                    ],
                    "summary": {
                        "covered_lines": 4,
                        "num_statements": 4,
                        "percent_covered": 100.0,
                        "percent_covered_display": "100",
                        "missing_lines": 0,
                        "excluded_lines": 0,
                        "percent_statements_covered": 100.0,
                        "percent_statements_covered_display": "100"
                    },
                    "missing_lines": [],
                    "excluded_lines": [],
                    "start_line": 434
                },
                "_docker_exec_silent": {
                    "executed_lines": [
                        461,
                        462,
                        463,
                        464,
                        465,
                        466,
                        467,
                        468,
                        469,
                        471,
                        472,
                        478,
                        479,
                        480,
                        481,
                        482,
                        483
                    ],
                    "summary": {
                        "covered_lines": 17,
                        "num_statements": 17,
                        "percent_covered": 100.0,
                        "percent_covered_display": "100",
                        "missing_lines": 0,
                        "excluded_lines": 0,
                        "percent_statements_covered": 100.0,
                        "percent_statements_covered_display": "100"
                    },
                    "missing_lines": [],
                    "excluded_lines": [],
                    "start_line": 451
                },
                "run": {
                    "executed_lines": [],
                    "summary": {
                        "covered_lines": 0,
                        "num_statements": 3,
                        "percent_covered": 0.0,
                        "percent_covered_display": "0",
                        "missing_lines": 3,
                        "excluded_lines": 0,
                        "percent_statements_covered": 0.0,
                        "percent_statements_covered_display": "0"
                    },
                    "missing_lines": [
                        492,
                        493,
                        494
                    ],
                    "excluded_lines": [],
                    "start_line": 490
                },
                "": {
                    "executed_lines": [
                        37,
                        39,
                        40,
                        41,
                        42,
                        43,
                        44,
                        45,
                        47,
                        48,
                        50,
                        51,
                        52,
                        54,
                        56,
                        58,
                        59,
                        60,
                        63,
                        67,
                        74,
                        75,
                        76,
                        77,
                        80,
                        81,
                        82,
                        83,
                        84,
                        85,
                        87,
                        88,
                        118,
                        121,
                        130,
                        148,
                        175,
                        198,
                        204,
                        231,
                        282,
                        298,
                        316,
                        320,
                        329,
                        339,
                        348,
                        358,
                        372,
                        385,
                        393,
                        414,
                        434,
                        451,
                        490
                    ],
                    "summary": {
                        "covered_lines": 55,
                        "num_statements": 55,
                        "percent_covered": 100.0,
                        "percent_covered_display": "100",
                        "missing_lines": 0,
                        "excluded_lines": 0,
                        "percent_statements_covered": 100.0,
                        "percent_statements_covered_display": "100"
                    },
                    "missing_lines": [],
                    "excluded_lines": [],
                    "start_line": 1
                }
            },
            "classes": {
                "InstanceConfig": {
                    "executed_lines": [],
                    "summary": {
                        "covered_lines": 0,
                        "num_statements": 0,
                        "percent_covered": 100.0,
                        "percent_covered_display": "100",
                        "missing_lines": 0,
                        "excluded_lines": 0,
                        "percent_statements_covered": 100.0,
                        "percent_statements_covered_display": "100"
                    },
                    "missing_lines": [],
                    "excluded_lines": [],
                    "start_line": 75
                },
                "BotConfig": {
                    "executed_lines": [
                        89,
                        91,
                        92,
                        93,
                        94,
                        99,
                        101
                    ],
                    "summary": {
                        "covered_lines": 7,
                        "num_statements": 7,
                        "percent_covered": 100.0,
                        "percent_covered_display": "100",
                        "missing_lines": 0,
                        "excluded_lines": 0,
                        "percent_statements_covered": 100.0,
                        "percent_statements_covered_display": "100"
                    },
                    "missing_lines": [],
                    "excluded_lines": [],
                    "start_line": 81
                },
                "TelegramBot": {
                    "executed_lines": [
                        122,
                        123,
                        124,
                        149,
                        154,
                        155,
                        159,
                        160,
                        166,
                        167,
                        168,
                        169,
                        199,
                        200,
                        201,
                        202,
                        205,
                        206,
                        207,
                        208,
                        210,
                        211,
                        212,
                        214,
                        215,
                        216,
                        218,
                        225,
                        226,
                        227,
                        228,
                        229,
                        233,
                        234,
                        237,
                        239,
                        240,
                        242,
                        245,
                        246,
                        248,
                        250,
                        251,
                        252,
                        254,
                        256,
                        257,
                        258,
                        259,
                        261,
                        262,
                        263,
                        264,
                        267,
                        268,
                        269,
                        270,
                        271,
                        273,
                        274,
                        276,
                        283,
                        287,
                        288,
                        292,
                        296,
                        299,
                        300,
                        301,
                        303,
                        304,
                        305,
                        309,
                        310,
                        312,
                        314,
                        317,
                        318,
                        321,
                        322,
                        323,
                        324,
                        325,
                        327,
                        330,
                        331,
                        332,
                        340,
                        341,
                        342,
                        343,
                        344,
                        346,
                        349,
                        350,
                        351,
                        360,
                        361,
                        362,
                        366,
                        373,
                        374,
                        387,
                        391,
                        395,
                        396,
                        397,
                        398,
                        399,
                        400,
                        403,
                        404,
                        408,
                        415,
                        421,
                        422,
                        423,
                        424,
                        430,
                        431,
                        432,
                        436,
                        437,
                        443,
                        444
                    ],
                    "summary": {
                        "covered_lines": 125,
                        "num_statements": 147,
                        "percent_covered": 85.03401360544218,
                        "percent_covered_display": "85",
                        "missing_lines": 22,
                        "excluded_lines": 0,
                        "percent_statements_covered": 85.03401360544218,
                        "percent_statements_covered_display": "85"
                    },
                    "missing_lines": [
                        131,
                        132,
                        133,
                        134,
                        135,
                        136,
                        137,
                        138,
                        139,
                        140,
                        141,
                        142,
                        176,
                        186,
                        187,
                        188,
                        189,
                        190,
                        191,
                        192,
                        401,
                        402
                    ],
                    "excluded_lines": [],
                    "start_line": 118
                },
                "": {
                    "executed_lines": [
                        37,
                        39,
                        40,
                        41,
                        42,
                        43,
                        44,
                        45,
                        47,
                        48,
                        50,
                        51,
                        52,
                        54,
                        56,
                        58,
                        59,
                        60,
                        63,
                        67,
                        74,
                        75,
                        76,
                        77,
                        80,
                        81,
                        82,
                        83,
                        84,
                        85,
                        87,
                        88,
                        118,
                        121,
                        130,
                        148,
                        175,
                        198,
                        204,
                        231,
                        282,
                        298,
                        316,
                        320,
                        329,
                        339,
                        348,
                        358,
                        372,
                        385,
                        393,
                        414,
                        434,
                        451,
                        461,
                        462,
                        463,
                        464,
                        465,
                        466,
                        467,
                        468,
                        469,
                        471,
                        472,
                        478,
                        479,
                        480,
                        481,
                        482,
                        483,
                        490
                    ],
                    "summary": {
                        "covered_lines": 72,
                        "num_statements": 75,
                        "percent_covered": 96.0,
                        "percent_covered_display": "96",
                        "missing_lines": 3,
                        "excluded_lines": 0,
                        "percent_statements_covered": 96.0,
                        "percent_statements_covered_display": "96"
                    },
                    "missing_lines": [
                        492,
                        493,
                        494
                    ],
                    "excluded_lines": [],
                    "start_line": 1
                }
            }
        },
        "app/config.py": {
            "executed_lines": [
                1,
                3,
                4,
                5,
                8,
                9,
                10,
                11,
                12,
                15,
                16,
                17,
                18,
                19,
                20,
                21,
                22,
                23,
                27,
                44,
                46,
                53,
                55,
                63,
                64,
                67,
                68,
                69,
                70,
                71,
                72,
                73,
                74,
                75,
                76,
                77,
                79,
                80,
                81,
                93,
                94,
                97,
                98,
                99,
                100,
                101,
                103,
                104,
                105,
                111,
                112,
                115,
                116,
                117,
                118,
                119,
                121,
                122,
                123
            ],
            "summary": {
                "covered_lines": 59,
                "num_statements": 59,
                "percent_covered": 100.0,
                "percent_covered_display": "100",
                "missing_lines": 0,
                "excluded_lines": 0,
                "percent_statements_covered": 100.0,
                "percent_statements_covered_display": "100"
            },
            "missing_lines": [],
            "excluded_lines": [],
            "functions": {
                "_required_env": {
                    "executed_lines": [
                        9,
                        10,
                        11,
                        12
                    ],
                    "summary": {
                        "covered_lines": 4,
                        "num_statements": 4,
                        "percent_covered": 100.0,
                        "percent_covered_display": "100",
                        "missing_lines": 0,
                        "excluded_lines": 0,
                        "percent_statements_covered": 100.0,
                        "percent_statements_covered_display": "100"
                    },
                    "missing_lines": [],
                    "excluded_lines": [],
                    "start_line": 8
                },
                "_positive_int_env": {
                    "executed_lines": [
                        16,
                        17,
                        18,
                        19,
                        20,
                        21,
                        22,
                        23
                    ],
                    "summary": {
                        "covered_lines": 8,
                        "num_statements": 8,
                        "percent_covered": 100.0,
                        "percent_covered_display": "100",
                        "missing_lines": 0,
                        "excluded_lines": 0,
                        "percent_statements_covered": 100.0,
                        "percent_statements_covered_display": "100"
                    },
                    "missing_lines": [],
                    "excluded_lines": [],
                    "start_line": 15
                },
                "_read_label_ids": {
                    "executed_lines": [
                        46
                    ],
                    "summary": {
                        "covered_lines": 1,
                        "num_statements": 1,
                        "percent_covered": 100.0,
                        "percent_covered_display": "100",
                        "missing_lines": 0,
                        "excluded_lines": 0,
                        "percent_statements_covered": 100.0,
                        "percent_statements_covered_display": "100"
                    },
                    "missing_lines": [],
                    "excluded_lines": [],
                    "start_line": 44
                },
                "_read_notifier_env": {
                    "executed_lines": [
                        55
                    ],
                    "summary": {
                        "covered_lines": 1,
                        "num_statements": 1,
                        "percent_covered": 100.0,
                        "percent_covered_display": "100",
                        "missing_lines": 0,
                        "excluded_lines": 0,
                        "percent_statements_covered": 100.0,
                        "percent_statements_covered_display": "100"
                    },
                    "missing_lines": [],
                    "excluded_lines": [],
                    "start_line": 53
                },
                "Config.from_env": {
                    "executed_lines": [
                        81
                    ],
                    "summary": {
                        "covered_lines": 1,
                        "num_statements": 1,
                        "percent_covered": 100.0,
                        "percent_covered_display": "100",
                        "missing_lines": 0,
                        "excluded_lines": 0,
                        "percent_statements_covered": 100.0,
                        "percent_statements_covered_display": "100"
                    },
                    "missing_lines": [],
                    "excluded_lines": [],
                    "start_line": 80
                },
                "BackupConfig.from_env": {
                    "executed_lines": [
                        105
                    ],
                    "summary": {
                        "covered_lines": 1,
                        "num_statements": 1,
                        "percent_covered": 100.0,
                        "percent_covered_display": "100",
                        "missing_lines": 0,
                        "excluded_lines": 0,
                        "percent_statements_covered": 100.0,
                        "percent_statements_covered_display": "100"
                    },
                    "missing_lines": [],
                    "excluded_lines": [],
                    "start_line": 104
                },
                "BotEnv.from_env": {
                    "executed_lines": [
                        123
                    ],
                    "summary": {
                        "covered_lines": 1,
                        "num_statements": 1,
                        "percent_covered": 100.0,
                        "percent_covered_display": "100",
                        "missing_lines": 0,
                        "excluded_lines": 0,
                        "percent_statements_covered": 100.0,
                        "percent_statements_covered_display": "100"
                    },
                    "missing_lines": [],
                    "excluded_lines": [],
                    "start_line": 122
                },
                "": {
                    "executed_lines": [
                        1,
                        3,
                        4,
                        5,
                        8,
                        15,
                        27,
                        44,
                        53,
                        63,
                        64,
                        67,
                        68,
                        69,
                        70,
                        71,
                        72,
                        73,
                        74,
                        75,
                        76,
                        77,
                        79,
                        80,
                        93,
                        94,
                        97,
                        98,
                        99,
                        100,
                        101,
                        103,
                        104,
                        111,
                        112,
                        115,
                        116,
                        117,
                        118,
                        119,
                        121,
                        122
                    ],
                    "summary": {
                        "covered_lines": 42,
                        "num_statements": 42,
                        "percent_covered": 100.0,
                        "percent_covered_display": "100",
                        "missing_lines": 0,
                        "excluded_lines": 0,
                        "percent_statements_covered": 100.0,
                        "percent_statements_covered_display": "100"
                    },
                    "missing_lines": [],
                    "excluded_lines": [],
                    "start_line": 1
                }
            },
            "classes": {
                "Config": {
                    "executed_lines": [
                        81
                    ],
                    "summary": {
                        "covered_lines": 1,
                        "num_statements": 1,
                        "percent_covered": 100.0,
                        "percent_covered_display": "100",
                        "missing_lines": 0,
                        "excluded_lines": 0,
                        "percent_statements_covered": 100.0,
                        "percent_statements_covered_display": "100"
                    },
                    "missing_lines": [],
                    "excluded_lines": [],
                    "start_line": 64
                },
                "BackupConfig": {
                    "executed_lines": [
                        105
                    ],
                    "summary": {
                        "covered_lines": 1,
                        "num_statements": 1,
                        "percent_covered": 100.0,
                        "percent_covered_display": "100",
                        "missing_lines": 0,
                        "excluded_lines": 0,
                        "percent_statements_covered": 100.0,
                        "percent_statements_covered_display": "100"
                    },
                    "missing_lines": [],
                    "excluded_lines": [],
                    "start_line": 94
                },
                "BotEnv": {
                    "executed_lines": [
                        123
                    ],
                    "summary": {
                        "covered_lines": 1,
                        "num_statements": 1,
                        "percent_covered": 100.0,
                        "percent_covered_display": "100",
                        "missing_lines": 0,
                        "excluded_lines": 0,
                        "percent_statements_covered": 100.0,
                        "percent_statements_covered_display": "100"
                    },
                    "missing_lines": [],
                    "excluded_lines": [],
                    "start_line": 112
                },
                "": {
                    "executed_lines": [
                        1,
                        3,
                        4,
                        5,
                        8,
                        9,
                        10,
                        11,
                        12,
                        15,
                        16,
                        17,
                        18,
                        19,
                        20,
                        21,
                        22,
                        23,
                        27,
                        44,
                        46,
                        53,
                        55,
                        63,
                        64,
                        67,
                        68,
                        69,
                        70,
                        71,
                        72,
                        73,
                        74,
                        75,
                        76,
                        77,
                        79,
                        80,
                        93,
                        94,
                        97,
                        98,
                        99,
                        100,
                        101,
                        103,
                        104,
[...]
                        40,
                        41,
                        42,
                        49,
                        50,
                        51,
                        52,
                        53,
                        54,
                        55,
                        56,
                        57,
                        58,
                        59,
                        60,
                        61,
                        62,
                        63,
                        64,
                        67,
                        68,
                        69,
                        70,
                        71,
                        74,
                        75,
                        76,
                        77,
                        78,
                        79,
                        80,
                        87,
                        89,
                        90,
                        91,
                        92,
                        95,
                        97,
                        98,
                        99,
                        100,
                        101,
                        102,
                        103,
                        104,
                        105,
                        106,
                        107,
                        110,
                        112,
                        113,
                        117,
                        118,
                        119,
                        122,
                        133,
                        134,
                        135,
                        136,
                        137,
                        138,
                        139,
                        140,
                        147,
                        163,
                        166,
                        167,
                        168,
                        169,
                        170,
                        171,
                        174,
                        186,
                        193,
                        194,
                        195,
                        196,
                        197,
                        198,
                        199,
                        201,
                        208,
                        212,
                        215,
                        219,
                        222,
                        227,
                        228,
                        229,
                        230,
                        233,
                        237,
                        240,
                        242,
                        243,
                        244,
                        245,
                        246,
                        249,
                        254,
                        255,
                        259,
                        260,
                        263,
                        268,
                        269,
                        270,
                        271,
                        274,
                        278,
                        281,
                        285,
                        286,
                        287,
                        288,
                        291,
                        292,
                        293,
                        295,
                        308,
                        313,
                        332,
                        338,
                        345,
                        357,
                        358,
                        360,
                        361,
                        362,
                        363,
                        365,
                        366,
                        367,
                        368,
                        369,
                        370,
                        372,
                        374,
                        375,
                        376,
                        377,
                        379
                    ],
                    "summary": {
                        "covered_lines": 171,
                        "num_statements": 172,
                        "percent_covered": 99.4186046511628,
                        "percent_covered_display": "99",
                        "missing_lines": 1,
                        "excluded_lines": 0,
                        "percent_statements_covered": 99.4186046511628,
                        "percent_statements_covered_display": "99"
                    },
                    "missing_lines": [
                        200
                    ],
                    "excluded_lines": [],
                    "start_line": 1
                }
            }
        },
        "app/wallet_client.py": {
            "executed_lines": [
                1,
                3,
                4,
                6,
                7,
                9,
                11,
                14,
                15,
                20,
                21,
                22,
                23,
                24,
                32,
                34,
                50,
                51,
                53,
                54,
                55,
                56,
                60,
                66,
                67,
                68,
                70,
                71,
                72,
                73,
                74,
                76,
                78,
                84,
                86,
                87,
                88,
                90,
                91,
                92,
                93,
                95,
                96,
                101,
                102,
                104,
                106,
                107,
                108,
                109,
                110,
                111,
                112,
                114,
                115,
                117,
                119,
                120,
                122,
                123,
                124,
                126,
                127,
                129,
                130,
                132,
                133,
                135,
                136,
                138,
                139,
                141,
                143
            ],
            "summary": {
                "covered_lines": 73,
                "num_statements": 73,
                "percent_covered": 100.0,
                "percent_covered_display": "100",
                "missing_lines": 0,
                "excluded_lines": 0,
                "percent_statements_covered": 100.0,
                "percent_statements_covered_display": "100"
            },
            "missing_lines": [],
            "excluded_lines": [],
            "functions": {
                "WalletClient.__init__": {
                    "executed_lines": [
                        20,
                        21,
                        22,
                        23,
                        24
                    ],
                    "summary": {
                        "covered_lines": 5,
                        "num_statements": 5,
                        "percent_covered": 100.0,
                        "percent_covered_display": "100",
                        "missing_lines": 0,
                        "excluded_lines": 0,
                        "percent_statements_covered": 100.0,
                        "percent_statements_covered_display": "100"
                    },
                    "missing_lines": [],
                    "excluded_lines": [],
                    "start_line": 15
                },
                "WalletClient.post_records": {
                    "executed_lines": [
                        50,
                        51,
                        53,
                        54,
                        55,
                        56,
                        60,
                        66,
                        67,
                        68,
                        70,
                        71,
                        72,
                        73,
                        74,
                        76,
                        78
                    ],
                    "summary": {
                        "covered_lines": 17,
                        "num_statements": 17,
                        "percent_covered": 100.0,
                        "percent_covered_display": "100",
                        "missing_lines": 0,
                        "excluded_lines": 0,
                        "percent_statements_covered": 100.0,
                        "percent_statements_covered_display": "100"
                    },
                    "missing_lines": [],
                    "excluded_lines": [],
                    "start_line": 34
                },
                "WalletClient._get_all": {
                    "executed_lines": [
                        86,
                        87,
                        88,
                        90,
                        91,
                        92,
                        93,
                        95,
                        96,
                        101,
                        102,
                        104,
                        106,
                        107,
                        108,
                        109,
                        110,
                        111,
                        112,
                        114,
                        115,
                        117
                    ],
                    "summary": {
                        "covered_lines": 22,
                        "num_statements": 22,
                        "percent_covered": 100.0,
                        "percent_covered_display": "100",
                        "missing_lines": 0,
                        "excluded_lines": 0,
                        "percent_statements_covered": 100.0,
                        "percent_statements_covered_display": "100"
                    },
                    "missing_lines": [],
                    "excluded_lines": [],
                    "start_line": 84
                },
                "WalletClient._collect_page": {
                    "executed_lines": [
                        122,
                        123,
                        124,
                        126,
                        127
                    ],
                    "summary": {
                        "covered_lines": 5,
                        "num_statements": 5,
                        "percent_covered": 100.0,
                        "percent_covered_display": "100",
                        "missing_lines": 0,
                        "excluded_lines": 0,
                        "percent_statements_covered": 100.0,
                        "percent_statements_covered_display": "100"
                    },
                    "missing_lines": [],
                    "excluded_lines": [],
                    "start_line": 120
                },
                "WalletClient.get_accounts": {
                    "executed_lines": [
                        130
                    ],
                    "summary": {
                        "covered_lines": 1,
                        "num_statements": 1,
                        "percent_covered": 100.0,
                        "percent_covered_display": "100",
                        "missing_lines": 0,
                        "excluded_lines": 0,
                        "percent_statements_covered": 100.0,
                        "percent_statements_covered_display": "100"
                    },
                    "missing_lines": [],
                    "excluded_lines": [],
                    "start_line": 129
                },
                "WalletClient.get_categories": {
                    "executed_lines": [
                        133
                    ],
                    "summary": {
                        "covered_lines": 1,
                        "num_statements": 1,
                        "percent_covered": 100.0,
                        "percent_covered_display": "100",
                        "missing_lines": 0,
                        "excluded_lines": 0,
                        "percent_statements_covered": 100.0,
                        "percent_statements_covered_display": "100"
                    },
                    "missing_lines": [],
                    "excluded_lines": [],
                    "start_line": 132
                },
                "WalletClient.get_budgets": {
                    "executed_lines": [
                        136
                    ],
                    "summary": {
                        "covered_lines": 1,
                        "num_statements": 1,
                        "percent_covered": 100.0,
                        "percent_covered_display": "100",
                        "missing_lines": 0,
                        "excluded_lines": 0,
                        "percent_statements_covered": 100.0,
                        "percent_statements_covered_display": "100"
                    },
                    "missing_lines": [],
                    "excluded_lines": [],
                    "start_line": 135
                },
                "WalletClient.get_labels": {
                    "executed_lines": [
                        139
                    ],
                    "summary": {
                        "covered_lines": 1,
                        "num_statements": 1,
                        "percent_covered": 100.0,
                        "percent_covered_display": "100",
                        "missing_lines": 0,
                        "excluded_lines": 0,
                        "percent_statements_covered": 100.0,
                        "percent_statements_covered_display": "100"
                    },
                    "missing_lines": [],
                    "excluded_lines": [],
                    "start_line": 138
                },
                "WalletClient.get_records": {
                    "executed_lines": [
                        143
                    ],
                    "summary": {
                        "covered_lines": 1,
                        "num_statements": 1,
                        "percent_covered": 100.0,
                        "percent_covered_display": "100",
                        "missing_lines": 0,
                        "excluded_lines": 0,
                        "percent_statements_covered": 100.0,
                        "percent_statements_covered_display": "100"
                    },
                    "missing_lines": [],
                    "excluded_lines": [],
                    "start_line": 141
                },
                "": {
                    "executed_lines": [
                        1,
                        3,
                        4,
                        6,
                        7,
                        9,
                        11,
                        14,
                        15,
                        32,
                        34,
                        84,
                        119,
                        120,
                        129,
                        132,
                        135,
                        138,
                        141
                    ],
                    "summary": {
                        "covered_lines": 19,
                        "num_statements": 19,
                        "percent_covered": 100.0,
                        "percent_covered_display": "100",
                        "missing_lines": 0,
                        "excluded_lines": 0,
                        "percent_statements_covered": 100.0,
                        "percent_statements_covered_display": "100"
                    },
                    "missing_lines": [],
                    "excluded_lines": [],
                    "start_line": 1
                }
            },
            "classes": {
                "WalletClient": {
                    "executed_lines": [
                        20,
                        21,
                        22,
                        23,
                        24,
                        50,
                        51,
                        53,
                        54,
                        55,
                        56,
                        60,
                        66,
                        67,
                        68,
                        70,
                        71,
                        72,
                        73,
                        74,
                        76,
                        78,
                        86,
                        87,
                        88,
                        90,
                        91,
                        92,
                        93,
                        95,
                        96,
                        101,
                        102,
                        104,
                        106,
                        107,
                        108,
                        109,
                        110,
                        111,
                        112,
                        114,
                        115,
                        117,
                        122,
                        123,
                        124,
                        126,
                        127,
                        130,
                        133,
                        136,
                        139,
                        143
                    ],
                    "summary": {
                        "covered_lines": 54,
                        "num_statements": 54,
                        "percent_covered": 100.0,
                        "percent_covered_display": "100",
                        "missing_lines": 0,
                        "excluded_lines": 0,
                        "percent_statements_covered": 100.0,
                        "percent_statements_covered_display": "100"
                    },
                    "missing_lines": [],
                    "excluded_lines": [],
                    "start_line": 14
                },
                "": {
                    "executed_lines": [
                        1,
                        3,
                        4,
                        6,
                        7,
                        9,
                        11,
                        14,
                        15,
                        32,
                        34,
                        84,
                        119,
                        120,
                        129,
                        132,
                        135,
                        138,
                        141
                    ],
                    "summary": {
                        "covered_lines": 19,
                        "num_statements": 19,
                        "percent_covered": 100.0,
                        "percent_covered_display": "100",
                        "missing_lines": 0,
                        "excluded_lines": 0,
                        "percent_statements_covered": 100.0,
                        "percent_statements_covered_display": "100"
                    },
                    "missing_lines": [],
                    "excluded_lines": [],
                    "start_line": 1
                }
            }
        }
    },
    "totals": {
        "covered_lines": 1019,
        "num_statements": 1049,
        "percent_covered": 97.14013346043852,
        "percent_covered_display": "97",
        "missing_lines": 30,
        "excluded_lines": 7,
        "percent_statements_covered": 97.14013346043852,
        "percent_statements_covered_display": "97"
    }
}
